<?xml version="1.0" encoding="UTF-8"?>
<!-- Generated by org.testng.reporters.JUnitReportReporter -->
<testsuite skipped="0" hostname="sagar-PC" name="Testrunner.TestRunner" tests="1" failures="0" timestamp="2020-05-22T20:17:48 IST" time="0.138" errors="0">
  <testcase name="runScenario" time="0.138" classname="Testrunner.TestRunner"/>
  <system-out/>
</testsuite> <!-- Testrunner.TestRunner -->
